I1101 23:44:03.924114 37852 /home/agnes/brpc/src/brpc/server.cpp:1037] Server[braft::RaftStatImpl+braft::FileServiceImpl+braft::RaftServiceImpl+braft::CliServiceImpl+example::CounterServiceImpl] is serving on port=8101.
I1101 23:44:03.924357 37852 /home/agnes/brpc/src/brpc/server.cpp:1040] Check out http://ubuntu:8101 in web browser.
I1101 23:44:03.926708 37852 /home/agnes/Documents/braft/src/braft/log.cpp:671] Use crc32c as the checksum type of appending entries
I1101 23:44:03.926782 37852 /home/agnes/Documents/braft/src/braft/snapshot.cpp:413] Deleting ./data/snapshot/temp
I1101 23:44:03.927093 37870 /home/agnes/Documents/mybraft/example/counter/server.cpp:329] Configuration of this group is 127.0.1.1:8100:0,127.0.1.1:8101:0,127.0.1.1:8102:0
I1101 23:44:03.927168 37870 /home/agnes/Documents/braft/src/braft/snapshot_executor.cpp:241] node Counter:127.0.1.1:8101:0 snapshot_load_done, last_included_index: 168597 last_included_term: 20 peers: "127.0.1.1:8100:0" peers: "127.0.1.1:8101:0" peers: "127.0.1.1:8102:0"
I1101 23:44:03.927195 37852 /home/agnes/Documents/braft/src/braft/node.cpp:514] node Counter:127.0.1.1:8101:0 init, term: 20 last_log_id: (index=168597,term=20) conf: 127.0.1.1:8100:0,127.0.1.1:8101:0,127.0.1.1:8102:0 old_conf: 
I1101 23:44:03.927244 37852 /home/agnes/Documents/mybraft/example/counter/server.cpp:106] leveldb dbpath:tdb8101
Connected to the cluster.
I1101 23:44:03.992208 37852 /home/agnes/Documents/mybraft/example/counter/server.cpp:109] open leveldb instance ok.
I1101 23:44:03.992221 37852 /home/agnes/Documents/mybraft/example/counter/server.cpp:421] Counter service is running on 0.0.0.0:8101
I1101 23:44:09.422331 37857 /home/agnes/Documents/braft/src/braft/node.cpp:1787] node Counter:127.0.1.1:8101:0 received PreVote from 127.0.1.1:8100:0 in term 21 current_term 20 granted 1
I1101 23:44:09.423021 37874 /home/agnes/Documents/braft/src/braft/node.cpp:1825] node Counter:127.0.1.1:8101:0 received RequestVote from 127.0.1.1:8100:0 in term 21 current_term 20
I1101 23:44:09.423635 37874 /home/agnes/Documents/braft/src/braft/raft_meta.cpp:128] save raft meta, path ./data/raft_meta term 21 votedfor 0.0.0.0:0:0 time: 589
I1101 23:44:09.424239 37874 /home/agnes/Documents/braft/src/braft/raft_meta.cpp:128] save raft meta, path ./data/raft_meta term 21 votedfor 127.0.1.1:8100:0 time: 582
I1101 23:44:09.424685 37867 /home/agnes/Documents/mybraft/example/counter/server.cpp:335] Node start following { leader_id=127.0.1.1:8100:0, term=21, status=Follower receives message from new leader with the same term.}
I1101 23:44:09.424804 37862 /home/agnes/Documents/braft/src/braft/log.cpp:101] Created new segment `./data/log/log_inprogress_00000000000000168598' with fd=50
I1101 23:44:09.926540 37874 /home/agnes/Documents/mybraft/example/counter/server.cpp:329] Configuration of this group is 127.0.1.1:8100:0,127.0.1.1:8101:0,127.0.1.1:8102:0
I1101 23:44:12.783249 37869 /home/agnes/Documents/mybraft/example/counter/server.cpp:228] [iter.done=false]key:hyfkey val:hyfval type:0
I1101 23:44:12.907125 37869 /home/agnes/Documents/mybraft/example/counter/server.cpp:232] [iter.done=true]write leveldb ok
I1101 23:44:12.907199 37869 /home/agnes/Documents/mybraft/example/counter/server.cpp:228] [iter.done=false]key:hyfkey val:hyfval type:0
I1101 23:44:13.044702 37869 /home/agnes/Documents/mybraft/example/counter/server.cpp:232] [iter.done=true]write leveldb ok
I1101 23:44:13.044722 37869 /home/agnes/Documents/mybraft/example/counter/server.cpp:228] [iter.done=false]key:hyfkey val:hyfval type:0
I1101 23:44:13.148278 37869 /home/agnes/Documents/mybraft/example/counter/server.cpp:232] [iter.done=true]write leveldb ok
I1101 23:44:13.148308 37869 /home/agnes/Documents/mybraft/example/counter/server.cpp:228] [iter.done=false]key:hyfkey val:hyfval type:0
I1101 23:44:13.232031 37869 /home/agnes/Documents/mybraft/example/counter/server.cpp:232] [iter.done=true]write leveldb ok
I1101 23:44:13.232049 37869 /home/agnes/Documents/mybraft/example/counter/server.cpp:228] [iter.done=false]key:hyfkey val:hyfval type:0
I1101 23:44:13.316742 37869 /home/agnes/Documents/mybraft/example/counter/server.cpp:232] [iter.done=true]write leveldb ok
I1101 23:44:13.316854 37869 /home/agnes/Documents/mybraft/example/counter/server.cpp:228] [iter.done=false]key:hyfkey val:hyfval type:0
I1101 23:44:13.382473 37869 /home/agnes/Documents/mybraft/example/counter/server.cpp:232] [iter.done=true]write leveldb ok
I1101 23:44:13.382492 37869 /home/agnes/Documents/mybraft/example/counter/server.cpp:228] [iter.done=false]key:hyfkey val:hyfval type:0
I1101 23:44:13.449534 37869 /home/agnes/Documents/mybraft/example/counter/server.cpp:232] [iter.done=true]write leveldb ok
I1101 23:44:13.449555 37869 /home/agnes/Documents/mybraft/example/counter/server.cpp:228] [iter.done=false]key:hyfkey val:hyfval type:0
I1101 23:44:13.516381 37869 /home/agnes/Documents/mybraft/example/counter/server.cpp:232] [iter.done=true]write leveldb ok
I1101 23:44:13.516400 37869 /home/agnes/Documents/mybraft/example/counter/server.cpp:228] [iter.done=false]key:hyfkey val:hyfval type:0
I1101 23:44:13.583443 37869 /home/agnes/Documents/mybraft/example/counter/server.cpp:232] [iter.done=true]write leveldb ok
I1101 23:44:13.583459 37869 /home/agnes/Documents/mybraft/example/counter/server.cpp:228] [iter.done=false]key:hyfkey val:hyfval type:0
I1101 23:44:13.650399 37869 /home/agnes/Documents/mybraft/example/counter/server.cpp:232] [iter.done=true]write leveldb ok
I1101 23:44:13.650425 37869 /home/agnes/Documents/mybraft/example/counter/server.cpp:228] [iter.done=false]key:hyfkey val:hyfval type:0
I1101 23:44:13.717360 37869 /home/agnes/Documents/mybraft/example/counter/server.cpp:232] [iter.done=true]write leveldb ok
I1101 23:44:13.717381 37869 /home/agnes/Documents/mybraft/example/counter/server.cpp:228] [iter.done=false]key:hyfkey val:hyfval type:0
I1101 23:44:13.784387 37869 /home/agnes/Documents/mybraft/example/counter/server.cpp:232] [iter.done=true]write leveldb ok
I1101 23:44:13.784415 37869 /home/agnes/Documents/mybraft/example/counter/server.cpp:228] [iter.done=false]key:hyfkey val:hyfval type:0
I1101 23:44:13.852218 37869 /home/agnes/Documents/mybraft/example/counter/server.cpp:232] [iter.done=true]write leveldb ok
I1101 23:44:13.852272 37869 /home/agnes/Documents/mybraft/example/counter/server.cpp:228] [iter.done=false]key:hyfkey val:hyfval type:0
I1101 23:44:13.935777 37869 /home/agnes/Documents/mybraft/example/counter/server.cpp:232] [iter.done=true]write leveldb ok
I1101 23:44:13.937153 37869 /home/agnes/Documents/mybraft/example/counter/server.cpp:228] [iter.done=false]key:hyfkey val:hyfval type:0
I1101 23:44:14.002827 37869 /home/agnes/Documents/mybraft/example/counter/server.cpp:232] [iter.done=true]write leveldb ok
I1101 23:44:14.002885 37869 /home/agnes/Documents/mybraft/example/counter/server.cpp:228] [iter.done=false]key:hyfkey val:hyfval type:0
I1101 23:44:14.086310 37869 /home/agnes/Documents/mybraft/example/counter/server.cpp:232] [iter.done=true]write leveldb ok
I1101 23:44:14.086330 37869 /home/agnes/Documents/mybraft/example/counter/server.cpp:228] [iter.done=false]key:hyfkey val:hyfval type:0
I1101 23:44:14.153015 37869 /home/agnes/Documents/mybraft/example/counter/server.cpp:232] [iter.done=true]write leveldb ok
I1101 23:44:14.153041 37869 /home/agnes/Documents/mybraft/example/counter/server.cpp:228] [iter.done=false]key:hyfkey val:hyfval type:0
I1101 23:44:14.219907 37869 /home/agnes/Documents/mybraft/example/counter/server.cpp:232] [iter.done=true]write leveldb ok
I1101 23:44:14.219924 37869 /home/agnes/Documents/mybraft/example/counter/server.cpp:228] [iter.done=false]key:hyfkey val:hyfval type:0
I1101 23:44:14.287477 37869 /home/agnes/Documents/mybraft/example/counter/server.cpp:232] [iter.done=true]write leveldb ok
I1101 23:44:14.287506 37869 /home/agnes/Documents/mybraft/example/counter/server.cpp:228] [iter.done=false]key:hyfkey val:hyfval type:0
I1101 23:44:14.379298 37869 /home/agnes/Documents/mybraft/example/counter/server.cpp:232] [iter.done=true]write leveldb ok
I1101 23:44:14.379318 37869 /home/agnes/Documents/mybraft/example/counter/server.cpp:228] [iter.done=false]key:hyfkey val:hyfval type:0
I1101 23:44:14.487617 37869 /home/agnes/Documents/mybraft/example/counter/server.cpp:232] [iter.done=true]write leveldb ok
I1101 23:44:14.487646 37869 /home/agnes/Documents/mybraft/example/counter/server.cpp:228] [iter.done=false]key:hyfkey val:hyfval type:0
I1101 23:44:14.631672 37869 /home/agnes/Documents/mybraft/example/counter/server.cpp:232] [iter.done=true]write leveldb ok
I1101 23:44:14.631720 37869 /home/agnes/Documents/mybraft/example/counter/server.cpp:228] [iter.done=false]key:hyfkey val:hyfval type:0
I1101 23:44:14.696478 37869 /home/agnes/Documents/mybraft/example/counter/server.cpp:232] [iter.done=true]write leveldb ok
I1101 23:44:14.696498 37869 /home/agnes/Documents/mybraft/example/counter/server.cpp:228] [iter.done=false]key:hyfkey val:hyfval type:0
I1101 23:44:14.780248 37869 /home/agnes/Documents/mybraft/example/counter/server.cpp:232] [iter.done=true]write leveldb ok
I1101 23:44:14.780273 37869 /home/agnes/Documents/mybraft/example/counter/server.cpp:228] [iter.done=false]key:hyfkey val:hyfval type:0
I1101 23:44:14.855848 37869 /home/agnes/Documents/mybraft/example/counter/server.cpp:232] [iter.done=true]write leveldb ok
I1101 23:44:14.855870 37869 /home/agnes/Documents/mybraft/example/counter/server.cpp:228] [iter.done=false]key:hyfkey val:hyfval type:0
I1101 23:44:14.939250 37869 /home/agnes/Documents/mybraft/example/counter/server.cpp:232] [iter.done=true]write leveldb ok
I1101 23:44:14.939271 37869 /home/agnes/Documents/mybraft/example/counter/server.cpp:228] [iter.done=false]key:hyfkey val:hyfval type:0
I1101 23:44:15.039364 37869 /home/agnes/Documents/mybraft/example/counter/server.cpp:232] [iter.done=true]write leveldb ok
I1101 23:44:15.039383 37869 /home/agnes/Documents/mybraft/example/counter/server.cpp:228] [iter.done=false]key:hyfkey val:hyfval type:0
I1101 23:44:15.123283 37869 /home/agnes/Documents/mybraft/example/counter/server.cpp:232] [iter.done=true]write leveldb ok
I1101 23:44:15.123304 37869 /home/agnes/Documents/mybraft/example/counter/server.cpp:228] [iter.done=false]key:hyfkey val:hyfval type:0
I1101 23:44:15.206708 37869 /home/agnes/Documents/mybraft/example/counter/server.cpp:232] [iter.done=true]write leveldb ok
I1101 23:44:15.206735 37869 /home/agnes/Documents/mybraft/example/counter/server.cpp:228] [iter.done=false]key:hyfkey val:hyfval type:0
I1101 23:44:15.298813 37869 /home/agnes/Documents/mybraft/example/counter/server.cpp:232] [iter.done=true]write leveldb ok
I1101 23:44:15.298832 37869 /home/agnes/Documents/mybraft/example/counter/server.cpp:228] [iter.done=false]key:hyfkey val:hyfval type:0
I1101 23:44:15.382235 37869 /home/agnes/Documents/mybraft/example/counter/server.cpp:232] [iter.done=true]write leveldb ok
I1101 23:44:15.382261 37869 /home/agnes/Documents/mybraft/example/counter/server.cpp:228] [iter.done=false]key:hyfkey val:hyfval type:0
I1101 23:44:15.475518 37869 /home/agnes/Documents/mybraft/example/counter/server.cpp:232] [iter.done=true]write leveldb ok
I1101 23:44:15.475575 37869 /home/agnes/Documents/mybraft/example/counter/server.cpp:228] [iter.done=false]key:hyfkey val:hyfval type:0
I1101 23:44:15.558108 37869 /home/agnes/Documents/mybraft/example/counter/server.cpp:232] [iter.done=true]write leveldb ok
I1101 23:44:15.558138 37869 /home/agnes/Documents/mybraft/example/counter/server.cpp:228] [iter.done=false]key:hyfkey val:hyfval type:0
I1101 23:44:15.650026 37869 /home/agnes/Documents/mybraft/example/counter/server.cpp:232] [iter.done=true]write leveldb ok
I1101 23:44:15.650053 37869 /home/agnes/Documents/mybraft/example/counter/server.cpp:228] [iter.done=false]key:hyfkey val:hyfval type:0
I1101 23:44:15.733637 37869 /home/agnes/Documents/mybraft/example/counter/server.cpp:232] [iter.done=true]write leveldb ok
I1101 23:44:15.733665 37869 /home/agnes/Documents/mybraft/example/counter/server.cpp:228] [iter.done=false]key:hyfkey val:hyfval type:0
I1101 23:44:15.817168 37869 /home/agnes/Documents/mybraft/example/counter/server.cpp:232] [iter.done=true]write leveldb ok
I1101 23:44:15.817190 37869 /home/agnes/Documents/mybraft/example/counter/server.cpp:228] [iter.done=false]key:hyfkey val:hyfval type:0
I1101 23:44:15.902108 37869 /home/agnes/Documents/mybraft/example/counter/server.cpp:232] [iter.done=true]write leveldb ok
I1101 23:44:15.902193 37869 /home/agnes/Documents/mybraft/example/counter/server.cpp:228] [iter.done=false]key:hyfkey val:hyfval type:0
I1101 23:44:15.984283 37869 /home/agnes/Documents/mybraft/example/counter/server.cpp:232] [iter.done=true]write leveldb ok
I1101 23:44:15.984302 37869 /home/agnes/Documents/mybraft/example/counter/server.cpp:228] [iter.done=false]key:hyfkey val:hyfval type:0
I1101 23:44:16.059752 37869 /home/agnes/Documents/mybraft/example/counter/server.cpp:232] [iter.done=true]write leveldb ok
I1101 23:44:16.059781 37869 /home/agnes/Documents/mybraft/example/counter/server.cpp:228] [iter.done=false]key:hyfkey val:hyfval type:0
I1101 23:44:16.126658 37869 /home/agnes/Documents/mybraft/example/counter/server.cpp:232] [iter.done=true]write leveldb ok
I1101 23:44:16.126680 37869 /home/agnes/Documents/mybraft/example/counter/server.cpp:228] [iter.done=false]key:hyfkey val:hyfval type:0
I1101 23:44:16.219436 37869 /home/agnes/Documents/mybraft/example/counter/server.cpp:232] [iter.done=true]write leveldb ok
I1101 23:44:16.219457 37869 /home/agnes/Documents/mybraft/example/counter/server.cpp:228] [iter.done=false]key:hyfkey val:hyfval type:0
I1101 23:44:16.319060 37869 /home/agnes/Documents/mybraft/example/counter/server.cpp:232] [iter.done=true]write leveldb ok
I1101 23:44:16.319099 37869 /home/agnes/Documents/mybraft/example/counter/server.cpp:228] [iter.done=false]key:hyfkey val:hyfval type:0
I1101 23:44:16.402813 37869 /home/agnes/Documents/mybraft/example/counter/server.cpp:232] [iter.done=true]write leveldb ok
I1101 23:44:16.402840 37869 /home/agnes/Documents/mybraft/example/counter/server.cpp:228] [iter.done=false]key:hyfkey val:hyfval type:0
I1101 23:44:16.486571 37869 /home/agnes/Documents/mybraft/example/counter/server.cpp:232] [iter.done=true]write leveldb ok
I1101 23:44:16.486603 37869 /home/agnes/Documents/mybraft/example/counter/server.cpp:228] [iter.done=false]key:hyfkey val:hyfval type:0
I1101 23:44:16.654864 37869 /home/agnes/Documents/mybraft/example/counter/server.cpp:232] [iter.done=true]write leveldb ok
I1101 23:44:16.654941 37869 /home/agnes/Documents/mybraft/example/counter/server.cpp:228] [iter.done=false]key:hyfkey val:hyfval type:0
I1101 23:44:16.720773 37869 /home/agnes/Documents/mybraft/example/counter/server.cpp:232] [iter.done=true]write leveldb ok
I1101 23:44:16.720797 37869 /home/agnes/Documents/mybraft/example/counter/server.cpp:228] [iter.done=false]key:hyfkey val:hyfval type:0
I1101 23:44:16.787951 37869 /home/agnes/Documents/mybraft/example/counter/server.cpp:232] [iter.done=true]write leveldb ok
I1101 23:44:16.787977 37869 /home/agnes/Documents/mybraft/example/counter/server.cpp:228] [iter.done=false]key:hyfkey val:hyfval type:0
I1101 23:44:16.855735 37869 /home/agnes/Documents/mybraft/example/counter/server.cpp:232] [iter.done=true]write leveldb ok
I1101 23:44:16.855789 37869 /home/agnes/Documents/mybraft/example/counter/server.cpp:228] [iter.done=false]key:hyfkey val:hyfval type:0
I1101 23:44:16.922194 37869 /home/agnes/Documents/mybraft/example/counter/server.cpp:232] [iter.done=true]write leveldb ok
I1101 23:44:16.922235 37869 /home/agnes/Documents/mybraft/example/counter/server.cpp:228] [iter.done=false]key:hyfkey val:hyfval type:0
I1101 23:44:17.005377 37869 /home/agnes/Documents/mybraft/example/counter/server.cpp:232] [iter.done=true]write leveldb ok
I1101 23:44:17.005396 37869 /home/agnes/Documents/mybraft/example/counter/server.cpp:228] [iter.done=false]key:hyfkey val:hyfval type:0
I1101 23:44:17.072539 37869 /home/agnes/Documents/mybraft/example/counter/server.cpp:232] [iter.done=true]write leveldb ok
I1101 23:44:17.072569 37869 /home/agnes/Documents/mybraft/example/counter/server.cpp:228] [iter.done=false]key:hyfkey val:hyfval type:0
I1101 23:44:17.139352 37869 /home/agnes/Documents/mybraft/example/counter/server.cpp:232] [iter.done=true]write leveldb ok
I1101 23:44:17.139372 37869 /home/agnes/Documents/mybraft/example/counter/server.cpp:228] [iter.done=false]key:hyfkey val:hyfval type:0
I1101 23:44:17.206311 37869 /home/agnes/Documents/mybraft/example/counter/server.cpp:232] [iter.done=true]write leveldb ok
I1101 23:44:17.206336 37869 /home/agnes/Documents/mybraft/example/counter/server.cpp:228] [iter.done=false]key:hyfkey val:hyfval type:0
I1101 23:44:17.298227 37869 /home/agnes/Documents/mybraft/example/counter/server.cpp:232] [iter.done=true]write leveldb ok
I1101 23:44:17.298248 37869 /home/agnes/Documents/mybraft/example/counter/server.cpp:228] [iter.done=false]key:hyfkey val:hyfval type:0
I1101 23:44:17.453288 37869 /home/agnes/Documents/mybraft/example/counter/server.cpp:232] [iter.done=true]write leveldb ok
I1101 23:44:17.453362 37869 /home/agnes/Documents/mybraft/example/counter/server.cpp:228] [iter.done=false]key:hyfkey val:hyfval type:0
I1101 23:44:17.665784 37869 /home/agnes/Documents/mybraft/example/counter/server.cpp:232] [iter.done=true]write leveldb ok
I1101 23:44:17.665807 37869 /home/agnes/Documents/mybraft/example/counter/server.cpp:228] [iter.done=false]key:hyfkey val:hyfval type:0
I1101 23:44:17.707760 37869 /home/agnes/Documents/mybraft/example/counter/server.cpp:232] [iter.done=true]write leveldb ok
I1101 23:44:17.707779 37869 /home/agnes/Documents/mybraft/example/counter/server.cpp:228] [iter.done=false]key:hyfkey val:hyfval type:0
I1101 23:44:17.757546 37869 /home/agnes/Documents/mybraft/example/counter/server.cpp:232] [iter.done=true]write leveldb ok
I1101 23:44:33.927544 37859 /home/agnes/Documents/mybraft/example/counter/server.cpp:265] Saving snapshot to ./data/snapshot/temp/data
I1101 23:44:33.929489 37859 /home/agnes/Documents/braft/src/braft/snapshot.cpp:589] Deleting ./data/snapshot/snapshot_00000000000000168656
I1101 23:44:33.929504 37859 /home/agnes/Documents/braft/src/braft/snapshot.cpp:595] Renaming ./data/snapshot/temp to ./data/snapshot/snapshot_00000000000000168656
I1101 23:44:33.929522 37859 /home/agnes/Documents/braft/src/braft/snapshot.cpp:469] Deleting ./data/snapshot/snapshot_00000000000000168597
I1101 23:44:33.929616 37859 /home/agnes/Documents/braft/src/braft/snapshot_executor.cpp:210] snapshot_save_done, last_included_index=168656 last_included_term=21
I1101 23:45:03.928893 37860 /home/agnes/Documents/braft/src/braft/log.cpp:603] Unlinked segment `./data/log/log_inprogress_00000000000000168598'
