I1101 23:44:04.114960 37888 /home/agnes/brpc/src/brpc/server.cpp:1037] Server[braft::RaftStatImpl+braft::FileServiceImpl+braft::RaftServiceImpl+braft::CliServiceImpl+example::CounterServiceImpl] is serving on port=8102.
I1101 23:44:04.116083 37888 /home/agnes/brpc/src/brpc/server.cpp:1040] Check out http://ubuntu:8102 in web browser.
I1101 23:44:04.116820 37888 /home/agnes/Documents/braft/src/braft/log.cpp:671] Use crc32c as the checksum type of appending entries
I1101 23:44:04.116924 37888 /home/agnes/Documents/braft/src/braft/snapshot.cpp:413] Deleting ./data/snapshot/temp
I1101 23:44:04.117361 37904 /home/agnes/Documents/mybraft/example/counter/server.cpp:329] Configuration of this group is 127.0.1.1:8100:0,127.0.1.1:8101:0,127.0.1.1:8102:0
I1101 23:44:04.117453 37904 /home/agnes/Documents/braft/src/braft/snapshot_executor.cpp:241] node Counter:127.0.1.1:8102:0 snapshot_load_done, last_included_index: 168597 last_included_term: 20 peers: "127.0.1.1:8100:0" peers: "127.0.1.1:8101:0" peers: "127.0.1.1:8102:0"
I1101 23:44:04.117479 37888 /home/agnes/Documents/braft/src/braft/node.cpp:514] node Counter:127.0.1.1:8102:0 init, term: 20 last_log_id: (index=168597,term=20) conf: 127.0.1.1:8100:0,127.0.1.1:8101:0,127.0.1.1:8102:0 old_conf: 
I1101 23:44:04.117504 37888 /home/agnes/Documents/mybraft/example/counter/server.cpp:106] leveldb dbpath:tdb8102
Connected to the cluster.
I1101 23:44:04.191210 37888 /home/agnes/Documents/mybraft/example/counter/server.cpp:109] open leveldb instance ok.
I1101 23:44:04.191223 37888 /home/agnes/Documents/mybraft/example/counter/server.cpp:421] Counter service is running on 0.0.0.0:8102
I1101 23:44:09.422286 37892 /home/agnes/Documents/braft/src/braft/node.cpp:1787] node Counter:127.0.1.1:8102:0 received PreVote from 127.0.1.1:8100:0 in term 21 current_term 20 granted 1
I1101 23:44:09.423024 37892 /home/agnes/Documents/braft/src/braft/node.cpp:1825] node Counter:127.0.1.1:8102:0 received RequestVote from 127.0.1.1:8100:0 in term 21 current_term 20
I1101 23:44:09.423618 37892 /home/agnes/Documents/braft/src/braft/raft_meta.cpp:128] save raft meta, path ./data/raft_meta term 21 votedfor 0.0.0.0:0:0 time: 572
I1101 23:44:09.424333 37892 /home/agnes/Documents/braft/src/braft/raft_meta.cpp:128] save raft meta, path ./data/raft_meta term 21 votedfor 127.0.1.1:8100:0 time: 691
I1101 23:44:09.424727 37904 /home/agnes/Documents/mybraft/example/counter/server.cpp:335] Node start following { leader_id=127.0.1.1:8100:0, term=21, status=Follower receives message from new leader with the same term.}
I1101 23:44:09.424826 37904 /home/agnes/Documents/braft/src/braft/log.cpp:101] Created new segment `./data/log/log_inprogress_00000000000000168598' with fd=50
I1101 23:44:09.926439 37891 /home/agnes/Documents/mybraft/example/counter/server.cpp:329] Configuration of this group is 127.0.1.1:8100:0,127.0.1.1:8101:0,127.0.1.1:8102:0
I1101 23:44:12.782839 37906 /home/agnes/Documents/mybraft/example/counter/server.cpp:228] [iter.done=false]key:hyfkey val:hyfval type:0
I1101 23:44:12.907308 37906 /home/agnes/Documents/mybraft/example/counter/server.cpp:232] [iter.done=true]write leveldb ok
I1101 23:44:12.907378 37906 /home/agnes/Documents/mybraft/example/counter/server.cpp:228] [iter.done=false]key:hyfkey val:hyfval type:0
I1101 23:44:13.044713 37906 /home/agnes/Documents/mybraft/example/counter/server.cpp:232] [iter.done=true]write leveldb ok
I1101 23:44:13.044730 37906 /home/agnes/Documents/mybraft/example/counter/server.cpp:228] [iter.done=false]key:hyfkey val:hyfval type:0
I1101 23:44:13.148278 37906 /home/agnes/Documents/mybraft/example/counter/server.cpp:232] [iter.done=true]write leveldb ok
I1101 23:44:13.148308 37906 /home/agnes/Documents/mybraft/example/counter/server.cpp:228] [iter.done=false]key:hyfkey val:hyfval type:0
I1101 23:44:13.232019 37906 /home/agnes/Documents/mybraft/example/counter/server.cpp:232] [iter.done=true]write leveldb ok
I1101 23:44:13.232039 37906 /home/agnes/Documents/mybraft/example/counter/server.cpp:228] [iter.done=false]key:hyfkey val:hyfval type:0
I1101 23:44:13.316438 37906 /home/agnes/Documents/mybraft/example/counter/server.cpp:232] [iter.done=true]write leveldb ok
I1101 23:44:13.316616 37906 /home/agnes/Documents/mybraft/example/counter/server.cpp:228] [iter.done=false]key:hyfkey val:hyfval type:0
I1101 23:44:13.382473 37906 /home/agnes/Documents/mybraft/example/counter/server.cpp:232] [iter.done=true]write leveldb ok
I1101 23:44:13.382491 37906 /home/agnes/Documents/mybraft/example/counter/server.cpp:228] [iter.done=false]key:hyfkey val:hyfval type:0
I1101 23:44:13.449533 37906 /home/agnes/Documents/mybraft/example/counter/server.cpp:232] [iter.done=true]write leveldb ok
I1101 23:44:13.449554 37906 /home/agnes/Documents/mybraft/example/counter/server.cpp:228] [iter.done=false]key:hyfkey val:hyfval type:0
I1101 23:44:13.516381 37906 /home/agnes/Documents/mybraft/example/counter/server.cpp:232] [iter.done=true]write leveldb ok
I1101 23:44:13.516400 37906 /home/agnes/Documents/mybraft/example/counter/server.cpp:228] [iter.done=false]key:hyfkey val:hyfval type:0
I1101 23:44:13.583430 37906 /home/agnes/Documents/mybraft/example/counter/server.cpp:232] [iter.done=true]write leveldb ok
I1101 23:44:13.583449 37906 /home/agnes/Documents/mybraft/example/counter/server.cpp:228] [iter.done=false]key:hyfkey val:hyfval type:0
I1101 23:44:13.650399 37906 /home/agnes/Documents/mybraft/example/counter/server.cpp:232] [iter.done=true]write leveldb ok
I1101 23:44:13.650426 37906 /home/agnes/Documents/mybraft/example/counter/server.cpp:228] [iter.done=false]key:hyfkey val:hyfval type:0
I1101 23:44:13.717360 37906 /home/agnes/Documents/mybraft/example/counter/server.cpp:232] [iter.done=true]write leveldb ok
I1101 23:44:13.717380 37906 /home/agnes/Documents/mybraft/example/counter/server.cpp:228] [iter.done=false]key:hyfkey val:hyfval type:0
I1101 23:44:13.784387 37906 /home/agnes/Documents/mybraft/example/counter/server.cpp:232] [iter.done=true]write leveldb ok
I1101 23:44:13.784415 37906 /home/agnes/Documents/mybraft/example/counter/server.cpp:228] [iter.done=false]key:hyfkey val:hyfval type:0
I1101 23:44:13.852206 37906 /home/agnes/Documents/mybraft/example/counter/server.cpp:232] [iter.done=true]write leveldb ok
I1101 23:44:13.852268 37906 /home/agnes/Documents/mybraft/example/counter/server.cpp:228] [iter.done=false]key:hyfkey val:hyfval type:0
I1101 23:44:13.934999 37906 /home/agnes/Documents/mybraft/example/counter/server.cpp:232] [iter.done=true]write leveldb ok
I1101 23:44:13.935022 37906 /home/agnes/Documents/mybraft/example/counter/server.cpp:228] [iter.done=false]key:hyfkey val:hyfval type:0
I1101 23:44:14.002789 37906 /home/agnes/Documents/mybraft/example/counter/server.cpp:232] [iter.done=true]write leveldb ok
I1101 23:44:14.002849 37906 /home/agnes/Documents/mybraft/example/counter/server.cpp:228] [iter.done=false]key:hyfkey val:hyfval type:0
I1101 23:44:14.085657 37906 /home/agnes/Documents/mybraft/example/counter/server.cpp:232] [iter.done=true]write leveldb ok
I1101 23:44:14.085678 37906 /home/agnes/Documents/mybraft/example/counter/server.cpp:228] [iter.done=false]key:hyfkey val:hyfval type:0
I1101 23:44:14.153015 37906 /home/agnes/Documents/mybraft/example/counter/server.cpp:232] [iter.done=true]write leveldb ok
I1101 23:44:14.153041 37906 /home/agnes/Documents/mybraft/example/counter/server.cpp:228] [iter.done=false]key:hyfkey val:hyfval type:0
I1101 23:44:14.219888 37906 /home/agnes/Documents/mybraft/example/counter/server.cpp:232] [iter.done=true]write leveldb ok
I1101 23:44:14.219909 37906 /home/agnes/Documents/mybraft/example/counter/server.cpp:228] [iter.done=false]key:hyfkey val:hyfval type:0
I1101 23:44:14.287336 37906 /home/agnes/Documents/mybraft/example/counter/server.cpp:232] [iter.done=true]write leveldb ok
I1101 23:44:14.287368 37906 /home/agnes/Documents/mybraft/example/counter/server.cpp:228] [iter.done=false]key:hyfkey val:hyfval type:0
I1101 23:44:14.379134 37906 /home/agnes/Documents/mybraft/example/counter/server.cpp:232] [iter.done=true]write leveldb ok
I1101 23:44:14.379156 37906 /home/agnes/Documents/mybraft/example/counter/server.cpp:228] [iter.done=false]key:hyfkey val:hyfval type:0
I1101 23:44:14.487733 37906 /home/agnes/Documents/mybraft/example/counter/server.cpp:232] [iter.done=true]write leveldb ok
I1101 23:44:14.487752 37906 /home/agnes/Documents/mybraft/example/counter/server.cpp:228] [iter.done=false]key:hyfkey val:hyfval type:0
I1101 23:44:14.631115 37906 /home/agnes/Documents/mybraft/example/counter/server.cpp:232] [iter.done=true]write leveldb ok
I1101 23:44:14.631185 37906 /home/agnes/Documents/mybraft/example/counter/server.cpp:228] [iter.done=false]key:hyfkey val:hyfval type:0
I1101 23:44:14.696478 37906 /home/agnes/Documents/mybraft/example/counter/server.cpp:232] [iter.done=true]write leveldb ok
I1101 23:44:14.696498 37906 /home/agnes/Documents/mybraft/example/counter/server.cpp:228] [iter.done=false]key:hyfkey val:hyfval type:0
I1101 23:44:14.780240 37906 /home/agnes/Documents/mybraft/example/counter/server.cpp:232] [iter.done=true]write leveldb ok
I1101 23:44:14.780267 37906 /home/agnes/Documents/mybraft/example/counter/server.cpp:228] [iter.done=false]key:hyfkey val:hyfval type:0
I1101 23:44:14.855682 37906 /home/agnes/Documents/mybraft/example/counter/server.cpp:232] [iter.done=true]write leveldb ok
I1101 23:44:14.855709 37906 /home/agnes/Documents/mybraft/example/counter/server.cpp:228] [iter.done=false]key:hyfkey val:hyfval type:0
I1101 23:44:14.939323 37906 /home/agnes/Documents/mybraft/example/counter/server.cpp:232] [iter.done=true]write leveldb ok
I1101 23:44:14.939343 37906 /home/agnes/Documents/mybraft/example/counter/server.cpp:228] [iter.done=false]key:hyfkey val:hyfval type:0
I1101 23:44:15.039371 37906 /home/agnes/Documents/mybraft/example/counter/server.cpp:232] [iter.done=true]write leveldb ok
I1101 23:44:15.039387 37906 /home/agnes/Documents/mybraft/example/counter/server.cpp:228] [iter.done=false]key:hyfkey val:hyfval type:0
I1101 23:44:15.123289 37906 /home/agnes/Documents/mybraft/example/counter/server.cpp:232] [iter.done=true]write leveldb ok
I1101 23:44:15.123306 37906 /home/agnes/Documents/mybraft/example/counter/server.cpp:228] [iter.done=false]key:hyfkey val:hyfval type:0
I1101 23:44:15.206708 37906 /home/agnes/Documents/mybraft/example/counter/server.cpp:232] [iter.done=true]write leveldb ok
I1101 23:44:15.206733 37906 /home/agnes/Documents/mybraft/example/counter/server.cpp:228] [iter.done=false]key:hyfkey val:hyfval type:0
I1101 23:44:15.298813 37906 /home/agnes/Documents/mybraft/example/counter/server.cpp:232] [iter.done=true]write leveldb ok
I1101 23:44:15.298832 37906 /home/agnes/Documents/mybraft/example/counter/server.cpp:228] [iter.done=false]key:hyfkey val:hyfval type:0
I1101 23:44:15.382243 37906 /home/agnes/Documents/mybraft/example/counter/server.cpp:232] [iter.done=true]write leveldb ok
I1101 23:44:15.382265 37906 /home/agnes/Documents/mybraft/example/counter/server.cpp:228] [iter.done=false]key:hyfkey val:hyfval type:0
I1101 23:44:15.476015 37906 /home/agnes/Documents/mybraft/example/counter/server.cpp:232] [iter.done=true]write leveldb ok
I1101 23:44:15.476069 37906 /home/agnes/Documents/mybraft/example/counter/server.cpp:228] [iter.done=false]key:hyfkey val:hyfval type:0
I1101 23:44:15.558159 37906 /home/agnes/Documents/mybraft/example/counter/server.cpp:232] [iter.done=true]write leveldb ok
I1101 23:44:15.558190 37906 /home/agnes/Documents/mybraft/example/counter/server.cpp:228] [iter.done=false]key:hyfkey val:hyfval type:0
I1101 23:44:15.650037 37906 /home/agnes/Documents/mybraft/example/counter/server.cpp:232] [iter.done=true]write leveldb ok
I1101 23:44:15.650059 37906 /home/agnes/Documents/mybraft/example/counter/server.cpp:228] [iter.done=false]key:hyfkey val:hyfval type:0
I1101 23:44:15.733646 37906 /home/agnes/Documents/mybraft/example/counter/server.cpp:232] [iter.done=true]write leveldb ok
I1101 23:44:15.733669 37906 /home/agnes/Documents/mybraft/example/counter/server.cpp:228] [iter.done=false]key:hyfkey val:hyfval type:0
I1101 23:44:15.817191 37906 /home/agnes/Documents/mybraft/example/counter/server.cpp:232] [iter.done=true]write leveldb ok
I1101 23:44:15.817208 37906 /home/agnes/Documents/mybraft/example/counter/server.cpp:228] [iter.done=false]key:hyfkey val:hyfval type:0
I1101 23:44:15.902078 37906 /home/agnes/Documents/mybraft/example/counter/server.cpp:232] [iter.done=true]write leveldb ok
I1101 23:44:15.902153 37906 /home/agnes/Documents/mybraft/example/counter/server.cpp:228] [iter.done=false]key:hyfkey val:hyfval type:0
I1101 23:44:15.984283 37906 /home/agnes/Documents/mybraft/example/counter/server.cpp:232] [iter.done=true]write leveldb ok
I1101 23:44:15.984302 37906 /home/agnes/Documents/mybraft/example/counter/server.cpp:228] [iter.done=false]key:hyfkey val:hyfval type:0
I1101 23:44:16.059755 37906 /home/agnes/Documents/mybraft/example/counter/server.cpp:232] [iter.done=true]write leveldb ok
I1101 23:44:16.059781 37906 /home/agnes/Documents/mybraft/example/counter/server.cpp:228] [iter.done=false]key:hyfkey val:hyfval type:0
I1101 23:44:16.126679 37906 /home/agnes/Documents/mybraft/example/counter/server.cpp:232] [iter.done=true]write leveldb ok
I1101 23:44:16.126697 37906 /home/agnes/Documents/mybraft/example/counter/server.cpp:228] [iter.done=false]key:hyfkey val:hyfval type:0
I1101 23:44:16.219313 37906 /home/agnes/Documents/mybraft/example/counter/server.cpp:232] [iter.done=true]write leveldb ok
I1101 23:44:16.219339 37906 /home/agnes/Documents/mybraft/example/counter/server.cpp:228] [iter.done=false]key:hyfkey val:hyfval type:0
I1101 23:44:16.318902 37906 /home/agnes/Documents/mybraft/example/counter/server.cpp:232] [iter.done=true]write leveldb ok
I1101 23:44:16.318922 37906 /home/agnes/Documents/mybraft/example/counter/server.cpp:228] [iter.done=false]key:hyfkey val:hyfval type:0
I1101 23:44:16.402823 37906 /home/agnes/Documents/mybraft/example/counter/server.cpp:232] [iter.done=true]write leveldb ok
I1101 23:44:16.402848 37906 /home/agnes/Documents/mybraft/example/counter/server.cpp:228] [iter.done=false]key:hyfkey val:hyfval type:0
I1101 23:44:16.486611 37906 /home/agnes/Documents/mybraft/example/counter/server.cpp:232] [iter.done=true]write leveldb ok
I1101 23:44:16.486663 37906 /home/agnes/Documents/mybraft/example/counter/server.cpp:228] [iter.done=false]key:hyfkey val:hyfval type:0
I1101 23:44:16.654893 37906 /home/agnes/Documents/mybraft/example/counter/server.cpp:232] [iter.done=true]write leveldb ok
I1101 23:44:16.654967 37906 /home/agnes/Documents/mybraft/example/counter/server.cpp:228] [iter.done=false]key:hyfkey val:hyfval type:0
I1101 23:44:16.720948 37906 /home/agnes/Documents/mybraft/example/counter/server.cpp:232] [iter.done=true]write leveldb ok
I1101 23:44:16.720964 37906 /home/agnes/Documents/mybraft/example/counter/server.cpp:228] [iter.done=false]key:hyfkey val:hyfval type:0
I1101 23:44:16.787892 37906 /home/agnes/Documents/mybraft/example/counter/server.cpp:232] [iter.done=true]write leveldb ok
I1101 23:44:16.787920 37906 /home/agnes/Documents/mybraft/example/counter/server.cpp:228] [iter.done=false]key:hyfkey val:hyfval type:0
I1101 23:44:16.855739 37906 /home/agnes/Documents/mybraft/example/counter/server.cpp:232] [iter.done=true]write leveldb ok
I1101 23:44:16.855801 37906 /home/agnes/Documents/mybraft/example/counter/server.cpp:228] [iter.done=false]key:hyfkey val:hyfval type:0
I1101 23:44:16.922435 37906 /home/agnes/Documents/mybraft/example/counter/server.cpp:232] [iter.done=true]write leveldb ok
I1101 23:44:16.922461 37906 /home/agnes/Documents/mybraft/example/counter/server.cpp:228] [iter.done=false]key:hyfkey val:hyfval type:0
I1101 23:44:17.005376 37906 /home/agnes/Documents/mybraft/example/counter/server.cpp:232] [iter.done=true]write leveldb ok
I1101 23:44:17.005396 37906 /home/agnes/Documents/mybraft/example/counter/server.cpp:228] [iter.done=false]key:hyfkey val:hyfval type:0
I1101 23:44:17.072539 37906 /home/agnes/Documents/mybraft/example/counter/server.cpp:232] [iter.done=true]write leveldb ok
I1101 23:44:17.072572 37906 /home/agnes/Documents/mybraft/example/counter/server.cpp:228] [iter.done=false]key:hyfkey val:hyfval type:0
I1101 23:44:17.139353 37906 /home/agnes/Documents/mybraft/example/counter/server.cpp:232] [iter.done=true]write leveldb ok
I1101 23:44:17.139372 37906 /home/agnes/Documents/mybraft/example/counter/server.cpp:228] [iter.done=false]key:hyfkey val:hyfval type:0
I1101 23:44:17.206311 37906 /home/agnes/Documents/mybraft/example/counter/server.cpp:232] [iter.done=true]write leveldb ok
I1101 23:44:17.206339 37906 /home/agnes/Documents/mybraft/example/counter/server.cpp:228] [iter.done=false]key:hyfkey val:hyfval type:0
I1101 23:44:17.298244 37906 /home/agnes/Documents/mybraft/example/counter/server.cpp:232] [iter.done=true]write leveldb ok
I1101 23:44:17.298259 37906 /home/agnes/Documents/mybraft/example/counter/server.cpp:228] [iter.done=false]key:hyfkey val:hyfval type:0
I1101 23:44:17.453284 37906 /home/agnes/Documents/mybraft/example/counter/server.cpp:232] [iter.done=true]write leveldb ok
I1101 23:44:17.453457 37906 /home/agnes/Documents/mybraft/example/counter/server.cpp:228] [iter.done=false]key:hyfkey val:hyfval type:0
I1101 23:44:17.665784 37906 /home/agnes/Documents/mybraft/example/counter/server.cpp:232] [iter.done=true]write leveldb ok
I1101 23:44:17.665805 37906 /home/agnes/Documents/mybraft/example/counter/server.cpp:228] [iter.done=false]key:hyfkey val:hyfval type:0
I1101 23:44:17.707760 37906 /home/agnes/Documents/mybraft/example/counter/server.cpp:232] [iter.done=true]write leveldb ok
I1101 23:44:17.707779 37906 /home/agnes/Documents/mybraft/example/counter/server.cpp:228] [iter.done=false]key:hyfkey val:hyfval type:0
I1101 23:44:17.791110 37906 /home/agnes/Documents/mybraft/example/counter/server.cpp:232] [iter.done=true]write leveldb ok
I1101 23:44:34.117910 37896 /home/agnes/Documents/mybraft/example/counter/server.cpp:265] Saving snapshot to ./data/snapshot/temp/data
I1101 23:44:34.119914 37896 /home/agnes/Documents/braft/src/braft/snapshot.cpp:589] Deleting ./data/snapshot/snapshot_00000000000000168656
I1101 23:44:34.119932 37896 /home/agnes/Documents/braft/src/braft/snapshot.cpp:595] Renaming ./data/snapshot/temp to ./data/snapshot/snapshot_00000000000000168656
I1101 23:44:34.119952 37896 /home/agnes/Documents/braft/src/braft/snapshot.cpp:469] Deleting ./data/snapshot/snapshot_00000000000000168597
I1101 23:44:34.120093 37896 /home/agnes/Documents/braft/src/braft/snapshot_executor.cpp:210] snapshot_save_done, last_included_index=168656 last_included_term=21
I1101 23:45:04.120774 37907 /home/agnes/Documents/braft/src/braft/log.cpp:603] Unlinked segment `./data/log/log_inprogress_00000000000000168598'
