Determining if the pthread_create exist failed with the following output:
Change Dir: /home/agnes/Documents/braft/example/counter/CMakeFiles/CMakeTmp

Run Build Command:"/usr/bin/make" "cmTC_90b52/fast"
/usr/bin/make -f CMakeFiles/cmTC_90b52.dir/build.make CMakeFiles/cmTC_90b52.dir/build
make[1]: Entering directory '/home/agnes/Documents/braft/example/counter/CMakeFiles/CMakeTmp'
Building C object CMakeFiles/cmTC_90b52.dir/CheckSymbolExists.c.o
/usr/bin/cc     -o CMakeFiles/cmTC_90b52.dir/CheckSymbolExists.c.o   -c /home/agnes/Documents/braft/example/counter/CMakeFiles/CMakeTmp/CheckSymbolExists.c
Linking C executable cmTC_90b52
/usr/bin/cmake -E cmake_link_script CMakeFiles/cmTC_90b52.dir/link.txt --verbose=1
/usr/bin/cc       CMakeFiles/cmTC_90b52.dir/CheckSymbolExists.c.o  -o cmTC_90b52 -rdynamic 
CMakeFiles/cmTC_90b52.dir/CheckSymbolExists.c.o: In function `main':
CheckSymbolExists.c:(.text+0x16): undefined reference to `pthread_create'
collect2: error: ld returned 1 exit status
CMakeFiles/cmTC_90b52.dir/build.make:97: recipe for target 'cmTC_90b52' failed
make[1]: *** [cmTC_90b52] Error 1
make[1]: Leaving directory '/home/agnes/Documents/braft/example/counter/CMakeFiles/CMakeTmp'
Makefile:126: recipe for target 'cmTC_90b52/fast' failed
make: *** [cmTC_90b52/fast] Error 2

File /home/agnes/Documents/braft/example/counter/CMakeFiles/CMakeTmp/CheckSymbolExists.c:
/* */
#include <pthread.h>

int main(int argc, char** argv)
{
  (void)argv;
#ifndef pthread_create
  return ((int*)(&pthread_create))[argc];
#else
  (void)argc;
  return 0;
#endif
}

Determining if the function pthread_create exists in the pthreads failed with the following output:
Change Dir: /home/agnes/Documents/braft/example/counter/CMakeFiles/CMakeTmp

Run Build Command:"/usr/bin/make" "cmTC_d84bc/fast"
/usr/bin/make -f CMakeFiles/cmTC_d84bc.dir/build.make CMakeFiles/cmTC_d84bc.dir/build
make[1]: Entering directory '/home/agnes/Documents/braft/example/counter/CMakeFiles/CMakeTmp'
Building C object CMakeFiles/cmTC_d84bc.dir/CheckFunctionExists.c.o
/usr/bin/cc    -DCHECK_FUNCTION_EXISTS=pthread_create   -o CMakeFiles/cmTC_d84bc.dir/CheckFunctionExists.c.o   -c /usr/share/cmake-3.5/Modules/CheckFunctionExists.c
Linking C executable cmTC_d84bc
/usr/bin/cmake -E cmake_link_script CMakeFiles/cmTC_d84bc.dir/link.txt --verbose=1
/usr/bin/cc   -DCHECK_FUNCTION_EXISTS=pthread_create    CMakeFiles/cmTC_d84bc.dir/CheckFunctionExists.c.o  -o cmTC_d84bc -rdynamic -lpthreads 
/usr/bin/ld: cannot find -lpthreads
collect2: error: ld returned 1 exit status
CMakeFiles/cmTC_d84bc.dir/build.make:97: recipe for target 'cmTC_d84bc' failed
make[1]: *** [cmTC_d84bc] Error 1
make[1]: Leaving directory '/home/agnes/Documents/braft/example/counter/CMakeFiles/CMakeTmp'
Makefile:126: recipe for target 'cmTC_d84bc/fast' failed
make: *** [cmTC_d84bc/fast] Error 2


Determining if the pthread_create exist failed with the following output:
Change Dir: /home/agnes/Documents/braft/example/counter/CMakeFiles/CMakeTmp

Run Build Command:"/usr/bin/make" "cmTC_41b47/fast"
/usr/bin/make -f CMakeFiles/cmTC_41b47.dir/build.make CMakeFiles/cmTC_41b47.dir/build
make[1]: Entering directory '/home/agnes/Documents/braft/example/counter/CMakeFiles/CMakeTmp'
Building C object CMakeFiles/cmTC_41b47.dir/CheckSymbolExists.c.o
/usr/bin/cc     -o CMakeFiles/cmTC_41b47.dir/CheckSymbolExists.c.o   -c /home/agnes/Documents/braft/example/counter/CMakeFiles/CMakeTmp/CheckSymbolExists.c
Linking C executable cmTC_41b47
/usr/bin/cmake -E cmake_link_script CMakeFiles/cmTC_41b47.dir/link.txt --verbose=1
/usr/bin/cc       CMakeFiles/cmTC_41b47.dir/CheckSymbolExists.c.o  -o cmTC_41b47 -rdynamic 
CMakeFiles/cmTC_41b47.dir/CheckSymbolExists.c.o: In function `main':
CheckSymbolExists.c:(.text+0x16): undefined reference to `pthread_create'
collect2: error: ld returned 1 exit status
CMakeFiles/cmTC_41b47.dir/build.make:97: recipe for target 'cmTC_41b47' failed
make[1]: *** [cmTC_41b47] Error 1
make[1]: Leaving directory '/home/agnes/Documents/braft/example/counter/CMakeFiles/CMakeTmp'
Makefile:126: recipe for target 'cmTC_41b47/fast' failed
make: *** [cmTC_41b47/fast] Error 2

File /home/agnes/Documents/braft/example/counter/CMakeFiles/CMakeTmp/CheckSymbolExists.c:
/* */
#include <pthread.h>

int main(int argc, char** argv)
{
  (void)argv;
#ifndef pthread_create
  return ((int*)(&pthread_create))[argc];
#else
  (void)argc;
  return 0;
#endif
}

Determining if the function pthread_create exists in the pthreads failed with the following output:
Change Dir: /home/agnes/Documents/braft/example/counter/CMakeFiles/CMakeTmp

Run Build Command:"/usr/bin/make" "cmTC_6aa79/fast"
/usr/bin/make -f CMakeFiles/cmTC_6aa79.dir/build.make CMakeFiles/cmTC_6aa79.dir/build
make[1]: Entering directory '/home/agnes/Documents/braft/example/counter/CMakeFiles/CMakeTmp'
Building C object CMakeFiles/cmTC_6aa79.dir/CheckFunctionExists.c.o
/usr/bin/cc    -DCHECK_FUNCTION_EXISTS=pthread_create   -o CMakeFiles/cmTC_6aa79.dir/CheckFunctionExists.c.o   -c /usr/share/cmake-3.5/Modules/CheckFunctionExists.c
Linking C executable cmTC_6aa79
/usr/bin/cmake -E cmake_link_script CMakeFiles/cmTC_6aa79.dir/link.txt --verbose=1
/usr/bin/cc   -DCHECK_FUNCTION_EXISTS=pthread_create    CMakeFiles/cmTC_6aa79.dir/CheckFunctionExists.c.o  -o cmTC_6aa79 -rdynamic -lpthreads 
/usr/bin/ld: cannot find -lpthreads
collect2: error: ld returned 1 exit status
CMakeFiles/cmTC_6aa79.dir/build.make:97: recipe for target 'cmTC_6aa79' failed
make[1]: *** [cmTC_6aa79] Error 1
make[1]: Leaving directory '/home/agnes/Documents/braft/example/counter/CMakeFiles/CMakeTmp'
Makefile:126: recipe for target 'cmTC_6aa79/fast' failed
make: *** [cmTC_6aa79/fast] Error 2


